11:18:09.106 [main] INFO  parse.App - Hello world!
11:18:10.727 [Thread-1] DEBUG parse.LiveMic - Leopard version: 2.0.0
11:18:10.733 [Thread-1] INFO  parse.LiveMic - >>> Press 'ENTER' to start:
11:18:24.774 [Thread-1] INFO  parse.LiveMic - >>> Recording ... Press 'ENTER' to stop:
11:18:29.684 [Thread-1] INFO  parse.LiveMic - Say five next time I send a message.

11:18:31.357 [Thread-1] INFO  util.PyScript - Response written to output.txt
11:18:31.445 [Thread-1] INFO  util.FilePrinter - 

Okay, I will say "five" next time you send a message. 😊 

11:18:31.729 [Thread-1] INFO  parse.LiveMic - Ready...
11:18:31.729 [Thread-1] INFO  parse.LiveMic - >>> Press 'ENTER' to start:
11:18:46.894 [Thread-1] INFO  parse.LiveMic - >>> Recording ... Press 'ENTER' to stop:
11:18:51.089 [Thread-1] INFO  parse.LiveMic - What did I want you to say next time I send a message.

11:18:53.721 [Thread-1] INFO  util.PyScript - Response written to output.txt
11:18:53.803 [Thread-1] INFO  util.FilePrinter - 

As a large language model, I have no memory of past conversations.  

To help me respond effectively, please tell me what you want me to say next time you send a message.  For example, you could:

* **Give me a specific topic:** "Next time, I want you to tell me about the history of the internet."
* **Ask me a question:** "Next time, I want you to answer this question: What is the meaning of life?"
* **Provide me with context:** "Next time, I want you to write a poem about a cat named Mittens who loves to play fetch."

The more information you give me, the better I can understand your request and respond accordingly. 

11:18:53.823 [Thread-1] INFO  parse.LiveMic - Ready...
11:18:53.823 [Thread-1] INFO  parse.LiveMic - >>> Press 'ENTER' to start:
